[00:12:28] [Craft Scheduler Thread - 245 - QuickShop/INFO]: [QuickShop] A new version of QuickShop has been released! [31]
[00:12:28] [Craft Scheduler Thread - 245 - QuickShop/INFO]: [QuickShop] Update here: https://www.spigotmc.org/resources/62575/
[01:12:28] [Craft Scheduler Thread - 484 - QuickShop/INFO]: [QuickShop] A new version of QuickShop has been released! [31]
[01:12:28] [Craft Scheduler Thread - 484 - QuickShop/INFO]: [QuickShop] Update here: https://www.spigotmc.org/resources/62575/
[02:12:28] [Craft Scheduler Thread - 723 - QuickShop/INFO]: [QuickShop] A new version of QuickShop has been released! [31]
[02:12:28] [Craft Scheduler Thread - 723 - QuickShop/INFO]: [QuickShop] Update here: https://www.spigotmc.org/resources/62575/
[03:12:28] [Craft Scheduler Thread - 964 - QuickShop/INFO]: [QuickShop] A new version of QuickShop has been released! [31]
[03:12:28] [Craft Scheduler Thread - 964 - QuickShop/INFO]: [QuickShop] Update here: https://www.spigotmc.org/resources/62575/
[04:12:28] [Craft Scheduler Thread - 1204 - QuickShop/INFO]: [QuickShop] A new version of QuickShop has been released! [31]
[04:12:28] [Craft Scheduler Thread - 1204 - QuickShop/INFO]: [QuickShop] Update here: https://www.spigotmc.org/resources/62575/
[04:18:50] [Server thread/INFO]: Point1013 lost connection: Disconnected
[04:18:50] [Server thread/INFO]: Point1013 left the game
[04:18:50] [Server thread/WARN]: [Essentials] Task #293752 for Essentials v2.17.2.0 generated an exception
java.lang.NullPointerException: null
	at com.earth2me.essentials.xmpp.XMPPManager.updatePresence(XMPPManager.java:142) ~[?:?]
	at com.earth2me.essentials.xmpp.EssentialsXMPP.updatePresence(EssentialsXMPP.java:113) ~[?:?]
	at org.bukkit.craftbukkit.v1_16_R2.scheduler.CraftTask.run(CraftTask.java:99) ~[patched_1.16.2.jar:git-Yatopia-"cf09bf2"]
	at org.bukkit.craftbukkit.v1_16_R2.scheduler.CraftScheduler.mainThreadHeartbeat(CraftScheduler.java:468) ~[patched_1.16.2.jar:git-Yatopia-"cf09bf2"]
	at net.minecraft.server.v1_16_R2.MinecraftServer.b(MinecraftServer.java:1367) ~[patched_1.16.2.jar:git-Yatopia-"cf09bf2"]
	at net.minecraft.server.v1_16_R2.DedicatedServer.b(DedicatedServer.java:396) ~[patched_1.16.2.jar:git-Yatopia-"cf09bf2"]
	at net.minecraft.server.v1_16_R2.MinecraftServer.a(MinecraftServer.java:1277) ~[patched_1.16.2.jar:git-Yatopia-"cf09bf2"]
	at net.minecraft.server.v1_16_R2.MinecraftServer.w(MinecraftServer.java:1002) ~[patched_1.16.2.jar:git-Yatopia-"cf09bf2"]
	at net.minecraft.server.v1_16_R2.MinecraftServer.lambda$a$0(MinecraftServer.java:165) ~[patched_1.16.2.jar:git-Yatopia-"cf09bf2"]
	at java.lang.Thread.run(Thread.java:832) [?:?]
[05:12:27] [Craft Scheduler Thread - 1445 - Vault/INFO]: [Vault] Checking for Updates ... 
[05:12:28] [Craft Scheduler Thread - 1447 - QuickShop/INFO]: [QuickShop] A new version of QuickShop has been released! [31]
[05:12:28] [Craft Scheduler Thread - 1447 - QuickShop/INFO]: [QuickShop] Update here: https://www.spigotmc.org/resources/62575/
[05:12:28] [Craft Scheduler Thread - 1445 - Vault/INFO]: [Vault] No new version available
[06:12:28] [Craft Scheduler Thread - 1686 - QuickShop/INFO]: [QuickShop] A new version of QuickShop has been released! [31]
[06:12:28] [Craft Scheduler Thread - 1686 - QuickShop/INFO]: [QuickShop] Update here: https://www.spigotmc.org/resources/62575/
[07:12:28] [Craft Scheduler Thread - 1923 - QuickShop/INFO]: [QuickShop] A new version of QuickShop has been released! [31]
[07:12:28] [Craft Scheduler Thread - 1923 - QuickShop/INFO]: [QuickShop] Update here: https://www.spigotmc.org/resources/62575/
[07:59:34] [Server thread/INFO]: CONSOLE issued server command: /ping 
[07:59:34] [Server thread/INFO]: 啪！
[07:59:44] [Server thread/INFO]: Unknown command. Type "/help" for help.
[07:59:52] [Server thread/INFO]: Unknown command. Type "/help" for help.
[07:59:58] [Server thread/INFO]: Unknown command. Type "/help" for help.
[08:12:28] [Craft Scheduler Thread - 2166 - QuickShop/INFO]: [QuickShop] A new version of QuickShop has been released! [31]
[08:12:28] [Craft Scheduler Thread - 2166 - QuickShop/INFO]: [QuickShop] Update here: https://www.spigotmc.org/resources/62575/
[09:12:28] [Craft Scheduler Thread - 2405 - QuickShop/INFO]: [QuickShop] A new version of QuickShop has been released! [31]
[09:12:28] [Craft Scheduler Thread - 2405 - QuickShop/INFO]: [QuickShop] Update here: https://www.spigotmc.org/resources/62575/
[10:12:28] [Craft Scheduler Thread - 2645 - QuickShop/INFO]: [QuickShop] A new version of QuickShop has been released! [31]
[10:12:28] [Craft Scheduler Thread - 2645 - QuickShop/INFO]: [QuickShop] Update here: https://www.spigotmc.org/resources/62575/
[11:12:27] [Craft Scheduler Thread - 2884 - Vault/INFO]: [Vault] Checking for Updates ... 
[11:12:28] [Craft Scheduler Thread - 2886 - QuickShop/INFO]: [QuickShop] A new version of QuickShop has been released! [31]
[11:12:28] [Craft Scheduler Thread - 2886 - QuickShop/INFO]: [QuickShop] Update here: https://www.spigotmc.org/resources/62575/
[11:12:28] [Craft Scheduler Thread - 2884 - Vault/INFO]: [Vault] No new version available
[11:18:03] [User Authenticator #5/INFO]: UUID of player YingLraft is 77fc970a-8286-4950-9a68-53a17b8a8fc3
[11:18:03] [Server thread/INFO]: YingLraft joined the game
[11:18:03] [Server thread/INFO]: YingLraft[/39.13.99.95:7922] logged in with entity id 7736 at ([dango]948.6516242792677, 81.49265471705844, -314.2062622137043)
[11:18:03] [Server thread/WARN]: [Essentials] Task #293844 for Essentials v2.17.2.0 generated an exception
java.lang.NullPointerException: null
	at com.earth2me.essentials.xmpp.XMPPManager.updatePresence(XMPPManager.java:146) ~[?:?]
	at com.earth2me.essentials.xmpp.EssentialsXMPP.updatePresence(EssentialsXMPP.java:113) ~[?:?]
	at org.bukkit.craftbukkit.v1_16_R2.scheduler.CraftTask.run(CraftTask.java:99) ~[patched_1.16.2.jar:git-Yatopia-"cf09bf2"]
	at org.bukkit.craftbukkit.v1_16_R2.scheduler.CraftScheduler.mainThreadHeartbeat(CraftScheduler.java:468) ~[patched_1.16.2.jar:git-Yatopia-"cf09bf2"]
	at net.minecraft.server.v1_16_R2.MinecraftServer.b(MinecraftServer.java:1367) ~[patched_1.16.2.jar:git-Yatopia-"cf09bf2"]
	at net.minecraft.server.v1_16_R2.DedicatedServer.b(DedicatedServer.java:396) ~[patched_1.16.2.jar:git-Yatopia-"cf09bf2"]
	at net.minecraft.server.v1_16_R2.MinecraftServer.a(MinecraftServer.java:1277) ~[patched_1.16.2.jar:git-Yatopia-"cf09bf2"]
	at net.minecraft.server.v1_16_R2.MinecraftServer.w(MinecraftServer.java:1002) ~[patched_1.16.2.jar:git-Yatopia-"cf09bf2"]
	at net.minecraft.server.v1_16_R2.MinecraftServer.lambda$a$0(MinecraftServer.java:165) ~[patched_1.16.2.jar:git-Yatopia-"cf09bf2"]
	at java.lang.Thread.run(Thread.java:832) [?:?]
[11:18:09] [Server thread/INFO]: YingLraft issued server command: /gm 1
[11:18:54] [Server thread/INFO]: YingLraft lost connection: Disconnected
[11:18:54] [Server thread/INFO]: YingLraft left the game
[11:18:54] [Server thread/WARN]: [Essentials] Task #319689 for Essentials v2.17.2.0 generated an exception
java.lang.NullPointerException: null
	at com.earth2me.essentials.xmpp.XMPPManager.updatePresence(XMPPManager.java:142) ~[?:?]
	at com.earth2me.essentials.xmpp.EssentialsXMPP.updatePresence(EssentialsXMPP.java:113) ~[?:?]
	at org.bukkit.craftbukkit.v1_16_R2.scheduler.CraftTask.run(CraftTask.java:99) ~[patched_1.16.2.jar:git-Yatopia-"cf09bf2"]
	at org.bukkit.craftbukkit.v1_16_R2.scheduler.CraftScheduler.mainThreadHeartbeat(CraftScheduler.java:468) ~[patched_1.16.2.jar:git-Yatopia-"cf09bf2"]
	at net.minecraft.server.v1_16_R2.MinecraftServer.b(MinecraftServer.java:1367) ~[patched_1.16.2.jar:git-Yatopia-"cf09bf2"]
	at net.minecraft.server.v1_16_R2.DedicatedServer.b(DedicatedServer.java:396) ~[patched_1.16.2.jar:git-Yatopia-"cf09bf2"]
	at net.minecraft.server.v1_16_R2.MinecraftServer.a(MinecraftServer.java:1277) ~[patched_1.16.2.jar:git-Yatopia-"cf09bf2"]
	at net.minecraft.server.v1_16_R2.MinecraftServer.w(MinecraftServer.java:1002) ~[patched_1.16.2.jar:git-Yatopia-"cf09bf2"]
	at net.minecraft.server.v1_16_R2.MinecraftServer.lambda$a$0(MinecraftServer.java:165) ~[patched_1.16.2.jar:git-Yatopia-"cf09bf2"]
	at java.lang.Thread.run(Thread.java:832) [?:?]
[11:25:38] [Server thread/INFO]: com.mojang.authlib.GameProfile@5fb4d61b[id=<null>,name=YingLraft,properties={},legacy=false] (/39.13.99.95:8156) lost connection: Disconnected
[11:26:33] [User Authenticator #6/INFO]: UUID of player YingLraft is 77fc970a-8286-4950-9a68-53a17b8a8fc3
[11:26:34] [Server thread/INFO]: YingLraft joined the game
[11:26:34] [Server thread/INFO]: YingLraft[/39.13.99.95:8236] logged in with entity id 7888 at ([dango]968.9410111432737, 86.35652650627665, -326.07895306866806)
[11:26:34] [Server thread/WARN]: [Essentials] Task #319733 for Essentials v2.17.2.0 generated an exception
java.lang.NullPointerException: null
	at com.earth2me.essentials.xmpp.XMPPManager.updatePresence(XMPPManager.java:146) ~[?:?]
	at com.earth2me.essentials.xmpp.EssentialsXMPP.updatePresence(EssentialsXMPP.java:113) ~[?:?]
	at org.bukkit.craftbukkit.v1_16_R2.scheduler.CraftTask.run(CraftTask.java:99) ~[patched_1.16.2.jar:git-Yatopia-"cf09bf2"]
	at org.bukkit.craftbukkit.v1_16_R2.scheduler.CraftScheduler.mainThreadHeartbeat(CraftScheduler.java:468) ~[patched_1.16.2.jar:git-Yatopia-"cf09bf2"]
	at net.minecraft.server.v1_16_R2.MinecraftServer.b(MinecraftServer.java:1367) ~[patched_1.16.2.jar:git-Yatopia-"cf09bf2"]
	at net.minecraft.server.v1_16_R2.DedicatedServer.b(DedicatedServer.java:396) ~[patched_1.16.2.jar:git-Yatopia-"cf09bf2"]
	at net.minecraft.server.v1_16_R2.MinecraftServer.a(MinecraftServer.java:1277) ~[patched_1.16.2.jar:git-Yatopia-"cf09bf2"]
	at net.minecraft.server.v1_16_R2.MinecraftServer.w(MinecraftServer.java:1002) ~[patched_1.16.2.jar:git-Yatopia-"cf09bf2"]
	at net.minecraft.server.v1_16_R2.MinecraftServer.lambda$a$0(MinecraftServer.java:165) ~[patched_1.16.2.jar:git-Yatopia-"cf09bf2"]
	at java.lang.Thread.run(Thread.java:832) [?:?]
[11:26:40] [Server thread/INFO]: YingLraft issued server command: /gm 1
[11:28:20] [Server thread/INFO]: YingLraft issued server command: /hd create xiafu 小夫我要進來囉
[11:31:03] [Server thread/INFO]: YingLraft issued server command: //set 0
[11:31:15] [Server thread/INFO]: YingLraft issued server command: //removeabove 5
[11:31:22] [Server thread/INFO]: YingLraft issued server command: //removeabove 15
[11:31:27] [Server thread/INFO]: YingLraft issued server command: //removeabove 15
[11:31:30] [Server thread/INFO]: YingLraft issued server command: //removeabove 15
[11:31:32] [Server thread/INFO]: YingLraft issued server command: //removeabove 15
[11:31:34] [Server thread/INFO]: YingLraft issued server command: //removeabove 15
[11:31:37] [Server thread/INFO]: YingLraft issued server command: //removeabove 15
[11:31:40] [Server thread/INFO]: YingLraft issued server command: //removeabove 15
[11:31:42] [Server thread/INFO]: YingLraft issued server command: //removeabove 15
[11:31:45] [Server thread/INFO]: YingLraft issued server command: //removeabove 15
[11:31:48] [Server thread/INFO]: YingLraft issued server command: //removeabove 15
[11:31:57] [Server thread/INFO]: YingLraft issued server command: //removeabove 15
[11:32:11] [Server thread/INFO]: YingLraft issued server command: /brush smooth
[11:33:28] [Server thread/INFO]: YingLraft issued server command: //set 2
[11:33:35] [Server thread/INFO]: YingLraft issued server command: //set 2
[11:33:38] [Server thread/INFO]: YingLraft issued server command: //set 2
[11:34:08] [Server thread/INFO]: YingLraft issued server command: /time set 0
[11:36:25] [Server thread/INFO]: YingLraft issued server command: //undo
[11:36:27] [Server thread/INFO]: YingLraft issued server command: //undo
[11:36:28] [Server thread/INFO]: YingLraft issued server command: //undo
[11:36:28] [Server thread/INFO]: YingLraft issued server command: //undo
[11:36:29] [Server thread/INFO]: YingLraft issued server command: //undo
[11:36:29] [Server thread/INFO]: YingLraft issued server command: //undo
[11:36:30] [Server thread/INFO]: YingLraft issued server command: //undo
[11:36:30] [Server thread/INFO]: YingLraft issued server command: //undo
[11:36:31] [Server thread/INFO]: YingLraft issued server command: //undo
[11:36:31] [Server thread/INFO]: YingLraft issued server command: //undo
[11:36:32] [Server thread/INFO]: YingLraft issued server command: //undo
[11:36:32] [Server thread/INFO]: YingLraft issued server command: //undo
[11:36:33] [Server thread/INFO]: YingLraft issued server command: //undo
[11:36:34] [Server thread/INFO]: YingLraft issued server command: //undo
[11:36:34] [Server thread/INFO]: YingLraft issued server command: //undo
[11:36:35] [Server thread/INFO]: YingLraft issued server command: //undo
[11:36:35] [Server thread/INFO]: YingLraft issued server command: //undo
[11:36:36] [Server thread/INFO]: YingLraft issued server command: //undo
[11:36:49] [Server thread/INFO]: YingLraft issued server command: /co inspect
[11:36:57] [Server thread/INFO]: YingLraft issued server command: /co inspect
[11:37:02] [Server thread/INFO]: YingLraft issued server command: /co undo
[11:37:17] [Server thread/INFO]: YingLraft issued server command: /co near
[11:37:25] [Server thread/INFO]: YingLraft issued server command: /co rollback
[11:37:31] [Server thread/INFO]: YingLraft issued server command: /co rollback YingLraft
[11:37:38] [Server thread/INFO]: YingLraft issued server command: /co rollback time: 9
[11:37:40] [Server thread/INFO]: YingLraft issued server command: /co rollback time: 9d
[11:37:48] [Server thread/INFO]: YingLraft issued server command: /co rollback time: 9d
[11:38:05] [Server thread/INFO]: YingLraft issued server command: //set 0
[11:38:09] [Server thread/INFO]: YingLraft issued server command: //set 0
[11:38:33] [Server thread/INFO]: YingLraft issued server command: //set 2
[11:38:50] [Server thread/INFO]: YingLraft issued server command: //set 1
[11:39:18] [Server thread/INFO]: YingLraft issued server command: //set 2
[11:40:55] [Server thread/INFO]: YingLraft issued server command: /co rollback time: 9h
[11:41:31] [Server thread/INFO]: YingLraft issued server command: //set 0
[11:46:17] [Server thread/INFO]: YingLraft issued server command: /time set 0
[11:49:54] [Server thread/INFO]: YingLraft issued server command: //smooth
[11:49:57] [Server thread/INFO]: YingLraft issued server command: //smooth
[11:49:59] [Server thread/INFO]: YingLraft issued server command: //smooth 5
[11:50:03] [Server thread/INFO]: YingLraft issued server command: //smooth 10
[11:50:05] [Server thread/INFO]: YingLraft issued server command: //smooth 101
[11:50:06] [Server thread/INFO]: YingLraft issued server command: //smooth 10
[11:50:12] [Server thread/INFO]: YingLraft issued server command: //smooth 10
[11:50:15] [Server thread/INFO]: YingLraft issued server command: //smooth 10
[11:50:19] [Server thread/INFO]: YingLraft issued server command: //smooth 10
[11:50:23] [Server thread/INFO]: YingLraft issued server command: //smooth 10
[11:52:26] [Server thread/INFO]: YingLraft issued server command: //smooth 10 1
[11:52:51] [Server thread/INFO]: YingLraft issued server command: //naturalize
[11:52:54] [Server thread/INFO]: YingLraft issued server command: //naturalize 10
[11:52:56] [Server thread/INFO]: YingLraft issued server command: //naturalize
[11:53:06] [Server thread/INFO]: YingLraft issued server command: //naturalize
[11:53:07] [Server thread/INFO]: YingLraft issued server command: //naturalize
[11:53:08] [Server thread/INFO]: YingLraft issued server command: //naturalize
[11:53:19] [Server thread/INFO]: YingLraft issued server command: //naturalize
[11:53:27] [Server thread/INFO]: YingLraft issued server command: //naturalize
[11:53:32] [Server thread/INFO]: YingLraft issued server command: //naturalize
[11:53:43] [Server thread/INFO]: YingLraft issued server command: //naturalize
[11:53:45] [Server thread/INFO]: YingLraft issued server command: //naturalize
[11:53:49] [Server thread/INFO]: YingLraft issued server command: //naturalize
[11:53:50] [Server thread/INFO]: YingLraft issued server command: //naturalize
[11:53:50] [Server thread/INFO]: YingLraft issued server command: //naturalize
[11:53:54] [Server thread/INFO]: YingLraft issued server command: //smooth
[11:54:06] [Server thread/INFO]: YingLraft issued server command: //naturalize
[11:54:08] [Server thread/INFO]: YingLraft issued server command: //naturalize
[11:54:09] [Server thread/INFO]: YingLraft issued server command: //smooth
[11:54:10] [Server thread/INFO]: YingLraft issued server command: //naturalize
[11:54:12] [Server thread/INFO]: YingLraft issued server command: //smooth
[11:54:13] [Server thread/INFO]: YingLraft issued server command: //smooth
[11:54:14] [Server thread/INFO]: YingLraft issued server command: //smooth
[11:54:15] [Server thread/INFO]: YingLraft issued server command: //smooth
[11:54:16] [Server thread/INFO]: YingLraft issued server command: //smooth
[11:54:17] [Server thread/INFO]: YingLraft issued server command: //smooth
[11:54:55] [Server thread/INFO]: YingLraft issued server command: //g white_wool data=(32+15/2/pi*atan2(x,y))%16; (0.75-sqrt(x^2+y^2))^2+z^2 < 0.25^2
[11:55:08] [Server thread/INFO]: YingLraft issued server command: //undo
[11:55:18] [Server thread/INFO]: YingLraft issued server command: //g red_wool (z/2)^2+x^2+(5*y/4-sqrt(abs(x)))^2<0.6
[11:55:25] [Server thread/INFO]: YingLraft issued server command: //undo
[11:55:46] [Server thread/INFO]: YingLraft issued server command: //g -h glass cos(sqrt(x^2+z^2)*5)/2<y
[11:55:53] [Server thread/INFO]: YingLraft issued server command: //undo
[11:57:23] [Server thread/INFO]: YingLraft issued server command: //smooth
[11:57:28] [Server thread/INFO]: YingLraft issued server command: //undo
[11:57:44] [Server thread/INFO]: YingLraft issued server command: //naturalize
[11:57:55] [Server thread/INFO]: YingLraft issued server command: //naturalize
[11:58:04] [Server thread/INFO]: YingLraft issued server command: //naturalize
[11:58:06] [Server thread/INFO]: YingLraft lost connection: Disconnected
[11:58:06] [Server thread/INFO]: YingLraft left the game
[11:58:06] [Server thread/WARN]: [Essentials] Task #525981 for Essentials v2.17.2.0 generated an exception
java.lang.NullPointerException: null
	at com.earth2me.essentials.xmpp.XMPPManager.updatePresence(XMPPManager.java:142) ~[?:?]
	at com.earth2me.essentials.xmpp.EssentialsXMPP.updatePresence(EssentialsXMPP.java:113) ~[?:?]
	at org.bukkit.craftbukkit.v1_16_R2.scheduler.CraftTask.run(CraftTask.java:99) ~[patched_1.16.2.jar:git-Yatopia-"cf09bf2"]
	at org.bukkit.craftbukkit.v1_16_R2.scheduler.CraftScheduler.mainThreadHeartbeat(CraftScheduler.java:468) ~[patched_1.16.2.jar:git-Yatopia-"cf09bf2"]
	at net.minecraft.server.v1_16_R2.MinecraftServer.b(MinecraftServer.java:1367) ~[patched_1.16.2.jar:git-Yatopia-"cf09bf2"]
	at net.minecraft.server.v1_16_R2.DedicatedServer.b(DedicatedServer.java:396) ~[patched_1.16.2.jar:git-Yatopia-"cf09bf2"]
	at net.minecraft.server.v1_16_R2.MinecraftServer.a(MinecraftServer.java:1277) ~[patched_1.16.2.jar:git-Yatopia-"cf09bf2"]
	at net.minecraft.server.v1_16_R2.MinecraftServer.w(MinecraftServer.java:1002) ~[patched_1.16.2.jar:git-Yatopia-"cf09bf2"]
	at net.minecraft.server.v1_16_R2.MinecraftServer.lambda$a$0(MinecraftServer.java:165) ~[patched_1.16.2.jar:git-Yatopia-"cf09bf2"]
	at java.lang.Thread.run(Thread.java:832) [?:?]
[12:12:28] [Craft Scheduler Thread - 3124 - QuickShop/INFO]: [QuickShop] A new version of QuickShop has been released! [31]
[12:12:28] [Craft Scheduler Thread - 3124 - QuickShop/INFO]: [QuickShop] Update here: https://www.spigotmc.org/resources/62575/
[13:12:28] [Craft Scheduler Thread - 3364 - QuickShop/INFO]: [QuickShop] A new version of QuickShop has been released! [31]
[13:12:28] [Craft Scheduler Thread - 3364 - QuickShop/INFO]: [QuickShop] Update here: https://www.spigotmc.org/resources/62575/
[13:15:35] [Server thread/INFO]: CONSOLE issued server command: /ping 
[13:15:35] [Server thread/INFO]: 啪！
[13:15:47] [Server thread/INFO]: CONSOLE issued server command: /pong 
[13:15:47] [Server thread/INFO]: 啪！
[14:12:28] [Craft Scheduler Thread - 3603 - QuickShop/INFO]: [QuickShop] A new version of QuickShop has been released! [31]
[14:12:28] [Craft Scheduler Thread - 3603 - QuickShop/INFO]: [QuickShop] Update here: https://www.spigotmc.org/resources/62575/
[14:50:21] [Server thread/INFO]: CONSOLE issued server command: /ping 
[14:50:21] [Server thread/INFO]: 啪！
[15:12:28] [Craft Scheduler Thread - 3843 - QuickShop/INFO]: [QuickShop] A new version of QuickShop has been released! [31]
[15:12:28] [Craft Scheduler Thread - 3843 - QuickShop/INFO]: [QuickShop] Update here: https://www.spigotmc.org/resources/62575/
[15:14:21] [User Authenticator #7/INFO]: UUID of player YingLraft is 77fc970a-8286-4950-9a68-53a17b8a8fc3
[15:14:21] [Server thread/INFO]: YingLraft joined the game
[15:14:21] [Server thread/INFO]: YingLraft[/39.13.99.95:7820] logged in with entity id 9125 at ([dango]897.6999999880791, 77.13025089629883, -265.30000001192093)
[15:14:21] [Server thread/WARN]: [Essentials] Task #526089 for Essentials v2.17.2.0 generated an exception
java.lang.NullPointerException: null
	at com.earth2me.essentials.xmpp.XMPPManager.updatePresence(XMPPManager.java:146) ~[?:?]
	at com.earth2me.essentials.xmpp.EssentialsXMPP.updatePresence(EssentialsXMPP.java:113) ~[?:?]
	at org.bukkit.craftbukkit.v1_16_R2.scheduler.CraftTask.run(CraftTask.java:99) ~[patched_1.16.2.jar:git-Yatopia-"cf09bf2"]
	at org.bukkit.craftbukkit.v1_16_R2.scheduler.CraftScheduler.mainThreadHeartbeat(CraftScheduler.java:468) ~[patched_1.16.2.jar:git-Yatopia-"cf09bf2"]
	at net.minecraft.server.v1_16_R2.MinecraftServer.b(MinecraftServer.java:1367) ~[patched_1.16.2.jar:git-Yatopia-"cf09bf2"]
	at net.minecraft.server.v1_16_R2.DedicatedServer.b(DedicatedServer.java:396) ~[patched_1.16.2.jar:git-Yatopia-"cf09bf2"]
	at net.minecraft.server.v1_16_R2.MinecraftServer.a(MinecraftServer.java:1277) ~[patched_1.16.2.jar:git-Yatopia-"cf09bf2"]
	at net.minecraft.server.v1_16_R2.MinecraftServer.w(MinecraftServer.java:1002) ~[patched_1.16.2.jar:git-Yatopia-"cf09bf2"]
	at net.minecraft.server.v1_16_R2.MinecraftServer.lambda$a$0(MinecraftServer.java:165) ~[patched_1.16.2.jar:git-Yatopia-"cf09bf2"]
	at java.lang.Thread.run(Thread.java:832) [?:?]
[15:14:32] [Server thread/INFO]: YingLraft issued server command: /gm 1
[15:17:25] [Server thread/INFO]: YingLraft issued server command: /time set 0
[15:19:49] [Server thread/INFO]: YingLraft issued server command: //set 1
[15:20:01] [Server thread/INFO]: YingLraft issued server command: //set 1
[15:20:12] [Server thread/INFO]: YingLraft issued server command: //set 1
[15:20:21] [Server thread/INFO]: YingLraft issued server command: //set 1
[15:20:37] [Server thread/INFO]: YingLraft issued server command: //set 1
[15:20:52] [Server thread/INFO]: YingLraft issued server command: //set 1
[15:21:32] [Server thread/INFO]: YingLraft issued server command: //set 2
[15:21:43] [Server thread/INFO]: YingLraft issued server command: //naturalize
[15:21:48] [Server thread/INFO]: YingLraft issued server command: //set 2
[15:23:46] [Server thread/INFO]: YingLraft issued server command: //set 1
[15:23:56] [Server thread/INFO]: YingLraft issued server command: //set 1
[15:24:21] [Server thread/INFO]: YingLraft issued server command: //fill 2 10 50
[15:24:25] [Server thread/INFO]: YingLraft issued server command: //undo
[15:24:29] [Server thread/INFO]: YingLraft issued server command: //undo
[15:24:33] [Server thread/INFO]: YingLraft issued server command: //redo
[15:24:35] [Server thread/INFO]: YingLraft issued server command: //fill 2 10 50
[15:24:44] [Server thread/INFO]: YingLraft issued server command: //fill 2 10 50
[15:25:07] [Server thread/INFO]: YingLraft issued server command: //set 2
[15:25:56] [Server thread/INFO]: YingLraft issued server command: //set 1
[15:26:29] [Server thread/INFO]: YingLraft issued server command: //set 2
[15:26:39] [Server thread/INFO]: YingLraft issued server command: //undo
[15:26:41] [Server thread/INFO]: YingLraft issued server command: //undo
[15:28:42] [Server thread/INFO]: YingLraft issued server command: /time set 0
[15:30:08] [Server thread/INFO]: YingLraft lost connection: Disconnected
[15:30:08] [Server thread/INFO]: YingLraft left the game
[15:30:08] [Server thread/WARN]: [Essentials] Task #658217 for Essentials v2.17.2.0 generated an exception
java.lang.NullPointerException: null
	at com.earth2me.essentials.xmpp.XMPPManager.updatePresence(XMPPManager.java:142) ~[?:?]
	at com.earth2me.essentials.xmpp.EssentialsXMPP.updatePresence(EssentialsXMPP.java:113) ~[?:?]
	at org.bukkit.craftbukkit.v1_16_R2.scheduler.CraftTask.run(CraftTask.java:99) ~[patched_1.16.2.jar:git-Yatopia-"cf09bf2"]
	at org.bukkit.craftbukkit.v1_16_R2.scheduler.CraftScheduler.mainThreadHeartbeat(CraftScheduler.java:468) ~[patched_1.16.2.jar:git-Yatopia-"cf09bf2"]
	at net.minecraft.server.v1_16_R2.MinecraftServer.b(MinecraftServer.java:1367) ~[patched_1.16.2.jar:git-Yatopia-"cf09bf2"]
	at net.minecraft.server.v1_16_R2.DedicatedServer.b(DedicatedServer.java:396) ~[patched_1.16.2.jar:git-Yatopia-"cf09bf2"]
	at net.minecraft.server.v1_16_R2.MinecraftServer.a(MinecraftServer.java:1277) ~[patched_1.16.2.jar:git-Yatopia-"cf09bf2"]
	at net.minecraft.server.v1_16_R2.MinecraftServer.w(MinecraftServer.java:1002) ~[patched_1.16.2.jar:git-Yatopia-"cf09bf2"]
	at net.minecraft.server.v1_16_R2.MinecraftServer.lambda$a$0(MinecraftServer.java:165) ~[patched_1.16.2.jar:git-Yatopia-"cf09bf2"]
	at java.lang.Thread.run(Thread.java:832) [?:?]
[16:12:28] [Craft Scheduler Thread - 4074 - QuickShop/INFO]: [QuickShop] A new version of QuickShop has been released! [31]
[16:12:28] [Craft Scheduler Thread - 4074 - QuickShop/INFO]: [QuickShop] Update here: https://www.spigotmc.org/resources/62575/
[17:12:27] [Craft Scheduler Thread - 4324 - Vault/INFO]: [Vault] Checking for Updates ... 
[17:12:28] [Craft Scheduler Thread - 4324 - Vault/INFO]: [Vault] No new version available
[17:12:28] [Craft Scheduler Thread - 4323 - QuickShop/INFO]: [QuickShop] A new version of QuickShop has been released! [31]
[17:12:28] [Craft Scheduler Thread - 4323 - QuickShop/INFO]: [QuickShop] Update here: https://www.spigotmc.org/resources/62575/
[18:12:28] [Craft Scheduler Thread - 4562 - QuickShop/INFO]: [QuickShop] A new version of QuickShop has been released! [31]
[18:12:28] [Craft Scheduler Thread - 4562 - QuickShop/INFO]: [QuickShop] Update here: https://www.spigotmc.org/resources/62575/
[19:01:51] [DiscordSRV - JDA Rate Limit/ERROR]: [DiscordSRV] System DNS FAILED to resolve hostname discord.com, switching to fallback DNS servers!
[19:02:01] [DiscordSRV - JDA Rate Limit/ERROR]: [DiscordSRV] DNS server 1.1.1.1 failed to resolve discord.com: Receive timed out, Connect timed out
[19:02:01] [DiscordSRV - JDA Rate Limit/ERROR]: [DiscordSRV] DNS server 1.0.0.1 failed to resolve discord.com: Invalid argument, Connection refused
[19:02:01] [DiscordSRV - JDA Rate Limit/ERROR]: [DiscordSRV] DNS server 8.8.8.8 failed to resolve discord.com: Invalid argument, Connection refused
[19:02:01] [DiscordSRV - JDA Rate Limit/ERROR]: [DiscordSRV] DNS server 8.8.4.4 failed to resolve discord.com: Invalid argument, Connection refused
[19:02:02] [Log4j2-TF-1-AsyncLogger[AsyncContext@68de145]-1/ERROR]: [DiscordSRV] [JDA] There was an exception while executing a REST request
java.net.UnknownHostException: All DNS resolvers failed to resolve hostname discord.com. Not good.
	at github.scarsz.discordsrv.DiscordSRV$2.lookupPublic(DiscordSRV.java:530)
Caused by: github.scarsz.discordsrv.dependencies.jda.api.exceptions.ContextException
	at github.scarsz.discordsrv.dependencies.jda.api.exceptions.ContextException.here(ContextException.java:54)
	at github.scarsz.discordsrv.dependencies.jda.api.requests.Request.<init>(Request.java:71)
	at github.scarsz.discordsrv.dependencies.jda.api.requests.RestFuture.<init>(RestFuture.java:36)
	at github.scarsz.discordsrv.dependencies.jda.internal.requests.RestActionImpl.submit(RestActionImpl.java:201)
	at github.scarsz.discordsrv.dependencies.jda.internal.requests.RestActionImpl.complete(RestActionImpl.java:211)
	at github.scarsz.discordsrv.dependencies.jda.api.requests.RestAction.complete(RestAction.java:471)
	at github.scarsz.discordsrv.dependencies.jda.api.utils.SessionControllerAdapter.getGateway(SessionControllerAdapter.java:86)
	at github.scarsz.discordsrv.dependencies.jda.internal.JDAImpl.getGateway(JDAImpl.java:317)
	at github.scarsz.discordsrv.dependencies.jda.internal.JDAImpl.resetGatewayUrl(JDAImpl.java:1044)
	at github.scarsz.discordsrv.dependencies.jda.internal.requests.WebSocketClient.connect(WebSocketClient.java:356)
	at github.scarsz.discordsrv.dependencies.jda.internal.requests.WebSocketClient.reconnect(WebSocketClient.java:603)
	at github.scarsz.discordsrv.dependencies.jda.internal.requests.WebSocketClient.reconnect(WebSocketClient.java:555)
	at github.scarsz.discordsrv.dependencies.jda.internal.requests.WebSocketClient.handleReconnect(WebSocketClient.java:526)
	at github.scarsz.discordsrv.dependencies.jda.internal.requests.WebSocketClient.handleDisconnect(WebSocketClient.java:491)
	at github.scarsz.discordsrv.dependencies.jda.internal.requests.WebSocketClient.onDisconnected(WebSocketClient.java:407)
	at github.scarsz.discordsrv.dependencies.ws.client.ListenerManager.callOnDisconnected(ListenerManager.java:224)
	at github.scarsz.discordsrv.dependencies.ws.client.WebSocket.finish(WebSocket.java:3730)
	at github.scarsz.discordsrv.dependencies.ws.client.WebSocket.onThreadsFinished(WebSocket.java:3696)
	at github.scarsz.discordsrv.dependencies.ws.client.WebSocket.onWritingThreadFinished(WebSocket.java:3685)
	at github.scarsz.discordsrv.dependencies.ws.client.WritingThread.notifyFinished(WritingThread.java:539)
	at github.scarsz.discordsrv.dependencies.ws.client.WritingThread.runMain(WritingThread.java:78)
	at github.scarsz.discordsrv.dependencies.ws.client.WebSocketThread.run(WebSocketThread.java:45)

[19:02:02] [Log4j2-TF-1-AsyncLogger[AsyncContext@68de145]-1/WARN]: [DiscordSRV] [JDA] Reconnect failed! Next attempt in 2s
[19:02:14] [Log4j2-TF-1-AsyncLogger[AsyncContext@68de145]-1/WARN]: [DiscordSRV] [JDA] Reconnect failed! Next attempt in 4s
[19:02:18] [Log4j2-TF-1-AsyncLogger[AsyncContext@68de145]-1/WARN]: [DiscordSRV] [JDA] Reconnect failed! Next attempt in 8s
[19:02:26] [Log4j2-TF-1-AsyncLogger[AsyncContext@68de145]-1/WARN]: [DiscordSRV] [JDA] Got disconnected from WebSocket (Code 1000). Appending to reconnect queue
[19:02:43] [Log4j2-TF-1-AsyncLogger[AsyncContext@68de145]-1/INFO]: [DiscordSRV] [JDA] Connected to WebSocket
[19:02:43] [Log4j2-TF-1-AsyncLogger[AsyncContext@68de145]-1/WARN]: [DiscordSRV] [JDA] Missed 2 heartbeats! Trying to reconnect...
[19:02:43] [Log4j2-TF-1-AsyncLogger[AsyncContext@68de145]-1/ERROR]: [DiscordSRV] [JDA] Encountered IDENTIFY Rate Limit!
[19:02:43] [Log4j2-TF-1-AsyncLogger[AsyncContext@68de145]-1/WARN]: [DiscordSRV] [JDA] Got disconnected from WebSocket (Code 4900). Appending to reconnect queue
[19:03:20] [Log4j2-TF-1-AsyncLogger[AsyncContext@68de145]-1/INFO]: [DiscordSRV] [JDA] Connected to WebSocket
[19:03:21] [Log4j2-TF-1-AsyncLogger[AsyncContext@68de145]-1/INFO]: [DiscordSRV] [JDA] Finished (Re)Loading!
[19:04:22] [Server thread/INFO]: CONSOLE issued server command: /ping 
[19:04:22] [Server thread/INFO]: 啪！
[19:04:47] [Server thread/INFO]: CONSOLE issued server command: /playerlist 
[19:04:47] [Server thread/INFO]: 當前有 0 個玩家在線,最大在線人數為 200 個玩家.
[19:04:57] [Server thread/INFO]: Unknown command. Type "/help" for help.
[19:05:07] [Server thread/INFO]: Usage: /hd create <hologramName> [text]
[19:12:28] [Craft Scheduler Thread - 4798 - QuickShop/INFO]: [QuickShop] A new version of QuickShop has been released! [31]
[19:12:28] [Craft Scheduler Thread - 4798 - QuickShop/INFO]: [QuickShop] Update here: https://www.spigotmc.org/resources/62575/
[19:12:28] [Server thread/INFO]: CONSOLE issued server command: /pong 
[19:12:28] [Server thread/INFO]: 啪！
[19:16:17] [Server thread/INFO]: CONSOLE issued server command: /t 
[19:16:17] [Server thread/INFO]: Sends a private message to the specified player.
[19:16:17] [Server thread/INFO]: /t <to> <message>
[19:18:00] [User Authenticator #8/INFO]: UUID of player amdYes_intelNO is db345d89-6f26-450e-96f7-7112da42da62
[19:18:00] [Server thread/INFO]: amdYes_intelNO joined the game
[19:18:00] [Server thread/INFO]: amdYes_intelNO[/59.127.192.161:8603] logged in with entity id 9862 at ([dango]922.1822647984603, 80.92482056000566, -314.99363994758966)
[19:18:00] [Server thread/WARN]: [Essentials] Task #658299 for Essentials v2.17.2.0 generated an exception
java.lang.NullPointerException: null
	at com.earth2me.essentials.xmpp.XMPPManager.updatePresence(XMPPManager.java:146) ~[?:?]
	at com.earth2me.essentials.xmpp.EssentialsXMPP.updatePresence(EssentialsXMPP.java:113) ~[?:?]
	at org.bukkit.craftbukkit.v1_16_R2.scheduler.CraftTask.run(CraftTask.java:99) ~[patched_1.16.2.jar:git-Yatopia-"cf09bf2"]
	at org.bukkit.craftbukkit.v1_16_R2.scheduler.CraftScheduler.mainThreadHeartbeat(CraftScheduler.java:468) ~[patched_1.16.2.jar:git-Yatopia-"cf09bf2"]
	at net.minecraft.server.v1_16_R2.MinecraftServer.b(MinecraftServer.java:1367) ~[patched_1.16.2.jar:git-Yatopia-"cf09bf2"]
	at net.minecraft.server.v1_16_R2.DedicatedServer.b(DedicatedServer.java:396) ~[patched_1.16.2.jar:git-Yatopia-"cf09bf2"]
	at net.minecraft.server.v1_16_R2.MinecraftServer.a(MinecraftServer.java:1277) ~[patched_1.16.2.jar:git-Yatopia-"cf09bf2"]
	at net.minecraft.server.v1_16_R2.MinecraftServer.w(MinecraftServer.java:1002) ~[patched_1.16.2.jar:git-Yatopia-"cf09bf2"]
	at net.minecraft.server.v1_16_R2.MinecraftServer.lambda$a$0(MinecraftServer.java:165) ~[patched_1.16.2.jar:git-Yatopia-"cf09bf2"]
	at java.lang.Thread.run(Thread.java:832) [?:?]
[19:18:08] [Server thread/INFO]: amdYes_intelNO issued server command: /gamemode creative
[19:19:58] [Server thread/INFO]: amdYes_intelNO issued server command: //brush smooth 4
[19:20:13] [Server thread/INFO]: amdYes_intelNO issued server command: //brush smooth 4
[19:22:54] [Server thread/INFO]: amdYes_intelNO issued server command: //set 2
[19:23:48] [Server thread/INFO]: amdYes_intelNO issued server command: //set 2
[19:25:29] [Server thread/INFO]: amdYes_intelNO issued server command: //set 2
[19:26:43] [Server thread/INFO]: amdYes_intelNO issued server command: //removenear oak_leaves
[19:26:46] [Server thread/INFO]: amdYes_intelNO issued server command: //removenear oak_log
[19:27:02] [Server thread/INFO]: amdYes_intelNO issued server command: //removenear dark_oak_leaves
[19:27:05] [Server thread/INFO]: amdYes_intelNO issued server command: //removenear dark_oak_log
[19:28:03] [Server thread/INFO]: amdYes_intelNO issued server command: //set 2
[19:28:59] [Server thread/INFO]: amdYes_intelNO issued server command: //pos1
[19:29:05] [Server thread/INFO]: amdYes_intelNO issued server command: //pos2
[19:29:10] [Server thread/INFO]: amdYes_intelNO issued server command: //set sand
[19:29:37] [Server thread/INFO]: amdYes_intelNO issued server command: //replace sand 2
[19:29:48] [Server thread/INFO]: amdYes_intelNO issued server command: //replace sand 2
[19:29:50] [Server thread/INFO]: amdYes_intelNO issued server command: //replace sand 2
[19:32:17] [Server thread/INFO]: amdYes_intelNO issued server command: //undo
[19:32:26] [Server thread/INFO]: amdYes_intelNO issued server command: /co i
[19:32:46] [Server thread/INFO]: amdYes_intelNO lost connection: Disconnected
[19:32:46] [Server thread/INFO]: amdYes_intelNO left the game
[19:32:46] [Server thread/WARN]: [Essentials] Task #827144 for Essentials v2.17.2.0 generated an exception
java.lang.NullPointerException: null
	at com.earth2me.essentials.xmpp.XMPPManager.updatePresence(XMPPManager.java:142) ~[?:?]
	at com.earth2me.essentials.xmpp.EssentialsXMPP.updatePresence(EssentialsXMPP.java:113) ~[?:?]
	at org.bukkit.craftbukkit.v1_16_R2.scheduler.CraftTask.run(CraftTask.java:99) ~[patched_1.16.2.jar:git-Yatopia-"cf09bf2"]
	at org.bukkit.craftbukkit.v1_16_R2.scheduler.CraftScheduler.mainThreadHeartbeat(CraftScheduler.java:468) ~[patched_1.16.2.jar:git-Yatopia-"cf09bf2"]
	at net.minecraft.server.v1_16_R2.MinecraftServer.b(MinecraftServer.java:1367) ~[patched_1.16.2.jar:git-Yatopia-"cf09bf2"]
	at net.minecraft.server.v1_16_R2.DedicatedServer.b(DedicatedServer.java:396) ~[patched_1.16.2.jar:git-Yatopia-"cf09bf2"]
	at net.minecraft.server.v1_16_R2.MinecraftServer.a(MinecraftServer.java:1277) ~[patched_1.16.2.jar:git-Yatopia-"cf09bf2"]
	at net.minecraft.server.v1_16_R2.MinecraftServer.w(MinecraftServer.java:1002) ~[patched_1.16.2.jar:git-Yatopia-"cf09bf2"]
	at net.minecraft.server.v1_16_R2.MinecraftServer.lambda$a$0(MinecraftServer.java:165) ~[patched_1.16.2.jar:git-Yatopia-"cf09bf2"]
	at java.lang.Thread.run(Thread.java:832) [?:?]
[20:12:28] [Craft Scheduler Thread - 5040 - QuickShop/INFO]: [QuickShop] A new version of QuickShop has been released! [31]
[20:12:28] [Craft Scheduler Thread - 5040 - QuickShop/INFO]: [QuickShop] Update here: https://www.spigotmc.org/resources/62575/
[21:12:28] [Craft Scheduler Thread - 5278 - QuickShop/INFO]: [QuickShop] A new version of QuickShop has been released! [31]
[21:12:28] [Craft Scheduler Thread - 5278 - QuickShop/INFO]: [QuickShop] Update here: https://www.spigotmc.org/resources/62575/
[21:28:17] [Server thread/INFO]: Stopping the server
[21:28:18] [Server thread/INFO]: Stopping server
[21:28:18] [Server thread/INFO]: [LockettePro] Disabling LockettePro v2.9.10
[21:28:18] [Server thread/INFO]: [DiscordSRV] Disabling DiscordSRV v1.19.1
[21:28:18] [DiscordSRV - Shutdown/INFO]: [DiscordSRV] Saved linked accounts in 1ms
[21:28:18] [DiscordSRV - Shutdown/INFO]: [DiscordSRV] Shutdown completed in 589ms
[21:28:18] [Server thread/INFO]: [UltimateChairs] Disabling UltimateChairs v1.0.9
[21:28:18] [Server thread/INFO]: [QuickShop] Disabling QuickShop v4.0.4.9
[21:28:18] [Server thread/INFO]: [QuickShop] QuickShop is finishing remaining work, this may need a while...
[21:28:18] [Server thread/INFO]: [QuickShop] Please wait for the data to flush its data...
[21:28:18] [Server thread/INFO]: [CoreProtect] Disabling CoreProtect v19.1
[21:28:18] [Server thread/INFO]: [CoreProtect] Finishing up data logging. Please wait...
[21:28:19] [Server thread/INFO]: [CoreProtect] Success! Disabled CoreProtect v19.1
[21:28:19] [Server thread/INFO]: [EssentialsSpawn] Disabling EssentialsSpawn v2.17.2.0
[21:28:19] [Server thread/INFO]: [mcMMO] Disabling mcMMO v2.1.145
[21:28:19] [Server thread/INFO]: [mcMMO] Saving mcMMOPlayers... (0)
[21:28:19] [Server thread/INFO]: [mcMMO] Finished save operation for 0 players!
[21:28:20] [Server thread/INFO]: [TAB] Disabling TAB v2.8.4
[21:28:20] [Server thread/INFO]: [TAB] Disabled in 1ms
[21:28:20] [Server thread/INFO]: [EssentialsGeoIP] Disabling EssentialsGeoIP v2.17.2.0
[21:28:20] [Server thread/INFO]: [EssentialsChat] Disabling EssentialsChat v2.17.2.0
[21:28:20] [Server thread/INFO]: [Residence] Disabling Residence v4.9.1.9
[21:28:20] [Server thread/INFO]: [Residence] Disabled!
[21:28:20] [Server thread/INFO]: [ChestCommands] Disabling ChestCommands v3.3.1
[21:28:20] [Server thread/INFO]: [EssentialsXMPP] Disabling EssentialsXMPP v2.17.2.0
[21:28:20] [Server thread/INFO]: [Citizens] Disabling Citizens v2.0.27-SNAPSHOT (build 2100)
[21:28:20] [Server thread/INFO]: [PlayerStatueBuilderX] Disabling PlayerStatueBuilderX v1.9
[21:28:20] [Server thread/INFO]: [WorldGuard] Disabling WorldGuard v7.0.4-beta1;bc551da
[21:28:20] [Server thread/INFO]: [WorldGuard] Shutting down executor and cancelling any pending tasks...
[21:28:20] [Server thread/INFO]: [Essentials] Disabling Essentials v2.17.2.0
[21:28:20] [Server thread/INFO]: [Vault] [Economy] Essentials Economy unhooked.
[21:28:20] [Server thread/INFO]: [WorldEdit] Disabling WorldEdit v7.2.0-SNAPSHOT+5280-46c3fcc
[21:28:20] [Server thread/INFO]: Unregistering com.sk89q.worldedit.bukkit.BukkitServerInterface from WorldEdit
[21:28:20] [Server thread/INFO]: [Vault] Disabling Vault v1.7.3-b${env.TRAVIS_BUILD_NUMBER}
[21:28:20] [Server thread/INFO]: [PermissionsEx] Disabling PermissionsEx v1.23.4
[21:28:20] [Server thread/INFO]: [PL-Hide] Disabling PL-Hide v1.5.16.1
[21:28:20] [Server thread/INFO]: [ImageOnMap] Disabling ImageOnMap v4.0
[21:28:20] [Server thread/INFO]: [MVdWPlaceholderAPI] Disabling MVdWPlaceholderAPI v3.1.1
[21:28:20] [Server thread/INFO]: [Multiverse-Core] Disabling Multiverse-Core v4.1.0-b775
[21:28:20] [Server thread/INFO]: [PvPToggle] Disabling PvPToggle v1.7
[21:28:20] [Server thread/INFO]: [HolographicDisplays] Disabling HolographicDisplays v2.4.4
[21:28:20] [Server thread/INFO]: [Challenges] Disabling Challenges v3.0.2
[21:28:21] [Server thread/INFO]: [PlaceholderAPI] Disabling PlaceholderAPI v2.10.9
[21:28:21] [Server thread/INFO]: Saving players
[21:28:21] [Server thread/INFO]: Saving worlds
[21:28:21] [Server thread/INFO]: Saving chunks for level 'ServerLevel[dango]'/minecraft:overworld
[21:28:21] [Server thread/INFO]: ThreadedAnvilChunkStorage (dango): All chunks are saved
[21:28:21] [Server thread/INFO]: Saving chunks for level 'ServerLevel[dango_nether]'/minecraft:the_nether
[21:28:21] [Server thread/INFO]: ThreadedAnvilChunkStorage (DIM-1): All chunks are saved
[21:28:21] [Server thread/INFO]: Saving chunks for level 'ServerLevel[dango_the_end]'/minecraft:the_end
[21:28:21] [Server thread/INFO]: ThreadedAnvilChunkStorage (DIM1): All chunks are saved
[21:28:21] [Server thread/INFO]: ThreadedAnvilChunkStorage (dango): All chunks are saved
[21:28:21] [Server thread/INFO]: ThreadedAnvilChunkStorage (DIM-1): All chunks are saved
[21:28:22] [Server thread/INFO]: ThreadedAnvilChunkStorage (DIM1): All chunks are saved
[21:28:22] [Server thread/INFO]: Saving usercache.json
[21:28:22] [Server thread/INFO]: Flushing Chunk IO
[21:28:22] [Server thread/INFO]: Closing Thread Pool
[21:28:22] [Server thread/INFO]: Closing Server
